This is XeTeX, Version 3.141592653-2.6-0.999995 (MiKTeX 23.5) (preloaded format=xelatex 2023.5.16)  25 JUN 2023 22:46
entering extended mode
 restricted \write18 enabled.
 %&-line parsing enabled.
**./main.tex
(main.tex
LaTeX2e <2022-11-01> patch level 1
L3 programming layer <2023-05-11> (setup.tex
(C:\Program Files\MiKTeX\tex/latex/base\article.cls
Document Class: article 2022/07/02 v1.4n Standard LaTeX document class
(C:\Program Files\MiKTeX\tex/latex/base\size10.clo
File: size10.clo 2022/07/02 v1.4n Standard LaTeX file (size option)
)
\c@part=\count181
\c@section=\count182
\c@subsection=\count183
\c@subsubsection=\count184
\c@paragraph=\count185
\c@subparagraph=\count186
\c@figure=\count187
\c@table=\count188
\abovecaptionskip=\skip48
\belowcaptionskip=\skip49
\bibindent=\dimen140
)
(C:\Users\kevin\AppData\Roaming\MiKTeX\tex/latex/extsizes\extsizes.sty
Package: extsizes 1996/10/08 v1.0 Non Standard LaTeX Package


Package ExtSizes Warning: It is better to use one of the extsizes classes,
 if you can.

(C:\Users\kevin\AppData\Roaming\MiKTeX\tex/latex/extsizes\size14.clo
File: size14.clo 1999/11/11 v1.4a NON-Standard LaTeX file (size option)
))
(C:\Program Files\MiKTeX\tex/generic/babel\babel.sty
Package: babel 2023/05/11 v3.89 The Babel package
\babel@savecnt=\count189
\U@D=\dimen141
\l@unhyphenated=\language79

(C:\Program Files\MiKTeX\tex/generic/babel\xebabel.def)
\bbl@readstream=\read2
\bbl@dirlevel=\count190

*************************************
* Local config file bblopts.cfg used
*
(C:\Program Files\MiKTeX\tex/latex/arabi\bblopts.cfg
File: bblopts.cfg 2005/09/08 v0.1 add Arabic and Farsi to "declared" options of
 babel
)
(C:\Program Files\MiKTeX\tex/latex/babel-english\english.ldf
Language: english 2017/06/06 v3.3r English support from the babel system
Package babel Info: Hyphen rules for 'canadian' set to \l@english
(babel)             (\language0). Reported on input line 102.
Package babel Info: Hyphen rules for 'australian' set to \l@ukenglish
(babel)             (\language73). Reported on input line 105.
Package babel Info: Hyphen rules for 'newzealand' set to \l@ukenglish
(babel)             (\language73). Reported on input line 108.
)
(C:\Users\kevin\AppData\Roaming\MiKTeX\tex/latex/babel-russian\russianb.ldf
File: russianb.ldf 2021/01/10 1.3m Russian support for the Babel system
Language: russian 2020/09/09 1.3k Russian support for the Babel system
Package babel Info: Making " an active character on input line 124.
Package babel Info: Default for \cyrdash is provided on input line 163.
))
(C:\Program Files\MiKTeX\tex/generic/babel/locale/ru\babel-russian.tex
Package babel Info: Importing font and identification data for russian
(babel)             from babel-ru.ini. Reported on input line 11.
)
(C:\Program Files\MiKTeX\tex/generic/babel/locale/en\babel-english.tex
Package babel Info: Importing font and identification data for english
(babel)             from babel-en.ini. Reported on input line 11.
)
(C:\Program Files\MiKTeX\tex/latex/graphics\graphicx.sty
Package: graphicx 2021/09/16 v1.2d Enhanced LaTeX Graphics (DPC,SPQR)

(C:\Program Files\MiKTeX\tex/latex/graphics\keyval.sty
Package: keyval 2022/05/29 v1.15 key=value parser (DPC)
\KV@toks@=\toks16
)
(C:\Program Files\MiKTeX\tex/latex/graphics\graphics.sty
Package: graphics 2022/03/10 v1.4e Standard LaTeX Graphics (DPC,SPQR)

(C:\Program Files\MiKTeX\tex/latex/graphics\trig.sty
Package: trig 2021/08/11 v1.11 sin cos tan (DPC)
)
(C:\Program Files\MiKTeX\tex/latex/graphics-cfg\graphics.cfg
File: graphics.cfg 2016/06/04 v1.11 sample graphics configuration
)
Package graphics Info: Driver file: xetex.def on input line 107.

(C:\Program Files\MiKTeX\tex/latex/graphics-def\xetex.def
File: xetex.def 2022/09/22 v5.0n Graphics/color driver for xetex
))
\Gin@req@height=\dimen142
\Gin@req@width=\dimen143
)
(C:\Program Files\MiKTeX\tex/latex/fontspec\fontspec.sty
(C:\Program Files\MiKTeX\tex/latex/l3packages/xparse\xparse.sty
(C:\Program Files\MiKTeX\tex/latex/l3kernel\expl3.sty
Package: expl3 2023-05-11 L3 programming layer (loader) 

(C:\Program Files\MiKTeX\tex/latex/l3backend\l3backend-xetex.def
File: l3backend-xetex.def 2023-04-19 L3 backend support: XeTeX
\g__graphics_track_int=\count191
\l__pdf_internal_box=\box51
\g__pdf_backend_object_int=\count192
\g__pdf_backend_annotation_int=\count193
\g__pdf_backend_link_int=\count194
))
Package: xparse 2023-02-02 L3 Experimental document command parser
)
Package: fontspec 2022/01/15 v2.8a Font selection for XeLaTeX and LuaLaTeX

(C:\Program Files\MiKTeX\tex/latex/fontspec\fontspec-xetex.sty
Package: fontspec-xetex 2022/01/15 v2.8a Font selection for XeLaTeX and LuaLaTe
X
\l__fontspec_script_int=\count195
\l__fontspec_language_int=\count196
\l__fontspec_strnum_int=\count197
\l__fontspec_tmp_int=\count198
\l__fontspec_tmpa_int=\count199
\l__fontspec_tmpb_int=\count266
\l__fontspec_tmpc_int=\count267
\l__fontspec_em_int=\count268
\l__fontspec_emdef_int=\count269
\l__fontspec_strong_int=\count270
\l__fontspec_strongdef_int=\count271
\l__fontspec_tmpa_dim=\dimen144
\l__fontspec_tmpb_dim=\dimen145
\l__fontspec_tmpc_dim=\dimen146

(C:\Program Files\MiKTeX\tex/latex/base\fontenc.sty
Package: fontenc 2021/04/29 v2.0v Standard LaTeX package
)
(C:\Program Files\MiKTeX\tex/latex/fontspec\fontspec.cfg)))

Package fontspec Info: Font family 'TimesNewRoman(0)' created for font 'Times
(fontspec)             New Roman' with options [Ligatures=TeX].
(fontspec)              
(fontspec)              This font family consists of the following NFSS
(fontspec)             series/shapes:
(fontspec)              
(fontspec)             - 'normal' (m/n) with NFSS spec.: <->"Times New
(fontspec)             Roman/OT:script=latn;language=dflt;mapping=tex-text;"
(fontspec)             - 'small caps'  (m/sc) with NFSS spec.: <->"Times New
(fontspec)             Roman/OT:script=latn;language=dflt;+smcp;mapping=tex-tex
t;"
(fontspec)             - 'bold' (b/n) with NFSS spec.: <->"Times New
(fontspec)             Roman/B/OT:script=latn;language=dflt;mapping=tex-text;"
(fontspec)             - 'bold small caps'  (b/sc) with NFSS spec.: <->"Times
(fontspec)             New
(fontspec)             Roman/B/OT:script=latn;language=dflt;+smcp;mapping=tex-t
ext;"
(fontspec)             - 'italic' (m/it) with NFSS spec.: <->"Times New
(fontspec)             Roman/I/OT:script=latn;language=dflt;mapping=tex-text;"
(fontspec)             - 'italic small caps'  (m/scit) with NFSS spec.:
(fontspec)             <->"Times New
(fontspec)             Roman/I/OT:script=latn;language=dflt;+smcp;mapping=tex-t
ext;"
(fontspec)             - 'bold italic' (b/it) with NFSS spec.: <->"Times New
(fontspec)             Roman/BI/OT:script=latn;language=dflt;mapping=tex-text;"

(fontspec)             - 'bold italic small caps'  (b/scit) with NFSS spec.:
(fontspec)             <->"Times New
(fontspec)             Roman/BI/OT:script=latn;language=dflt;+smcp;mapping=tex-
text;"


(C:\Program Files\MiKTeX\tex/latex/tools\indentfirst.sty
Package: indentfirst 1995/11/23 v1.03 Indent first paragraph (DPC)
)
(C:\Users\kevin\AppData\Roaming\MiKTeX\tex/latex/geometry\geometry.sty
Package: geometry 2020/01/02 v5.9 Page Geometry

(C:\Program Files\MiKTeX\tex/generic/iftex\ifvtex.sty
Package: ifvtex 2019/10/25 v1.7 ifvtex legacy package. Use iftex instead.

(C:\Program Files\MiKTeX\tex/generic/iftex\iftex.sty
Package: iftex 2022/02/03 v1.0f TeX engine tests
))
\Gm@cnth=\count272
\Gm@cntv=\count273
\c@Gm@tempcnt=\count274
\Gm@bindingoffset=\dimen147
\Gm@wd@mp=\dimen148
\Gm@odd@mp=\dimen149
\Gm@even@mp=\dimen150
\Gm@layoutwidth=\dimen151
\Gm@layoutheight=\dimen152
\Gm@layouthoffset=\dimen153
\Gm@layoutvoffset=\dimen154
\Gm@dimlist=\toks17

(C:\Users\kevin\AppData\Roaming\MiKTeX\tex/latex/geometry\geometry.cfg))
(C:\Users\kevin\AppData\Roaming\MiKTeX\tex/latex/float\float.sty
Package: float 2001/11/08 v1.3d Float enhancements (AL)
\c@float@type=\count275
\float@exts=\toks18
\float@box=\box52
\@float@everytoks=\toks19
\@floatcapt=\box53
)
(C:\Users\kevin\AppData\Roaming\MiKTeX\tex/latex/nowidow\nowidow.sty
Package: nowidow 2011/09/20 1.0 Easily prevent widows and orphans
Package: nowidow 

(C:\Users\kevin\AppData\Roaming\MiKTeX\tex/latex/kvoptions\kvoptions.sty
Package: kvoptions 2022-06-15 v3.15 Key value format for package options (HO)

(C:\Users\kevin\AppData\Roaming\MiKTeX\tex/generic/ltxcmds\ltxcmds.sty
Package: ltxcmds 2020-05-10 v1.25 LaTeX kernel commands for general use (HO)
)
(C:\Users\kevin\AppData\Roaming\MiKTeX\tex/latex/kvsetkeys\kvsetkeys.sty
Package: kvsetkeys 2022-10-05 v1.19 Key value parser (HO)
)))
(xltabular.sty
Package: xltabular 2020/11/04 v0.2e `xltabular' package (hv,RN)
 (C:\Program Files\MiKTeX\tex/latex/tools\tabularx.sty
Package: tabularx 2020/01/15 v2.11c `tabularx' package (DPC)

(C:\Program Files\MiKTeX\tex/latex/tools\array.sty
Package: array 2022/09/04 v2.5g Tabular extension package (FMi)
\col@sep=\dimen155
\ar@mcellbox=\box54
\extrarowheight=\dimen156
\NC@list=\toks20
\extratabsurround=\skip50
\backup@length=\skip51
\ar@cellbox=\box55
)
\TX@col@width=\dimen157
\TX@old@table=\dimen158
\TX@old@col=\dimen159
\TX@target=\dimen160
\TX@delta=\dimen161
\TX@cols=\count276
\TX@ftn=\toks21
)
(C:\Users\kevin\AppData\Roaming\MiKTeX\tex/latex/ltablex\ltablex.sty
Package: ltablex 2014/08/13 v1.1 Modified tabularx

(C:\Program Files\MiKTeX\tex/latex/tools\longtable.sty
Package: longtable 2021-09-01 v4.17 Multi-page Table package (DPC)
\LTleft=\skip52
\LTright=\skip53
\LTpre=\skip54
\LTpost=\skip55
\LTchunksize=\count277
\LTcapwidth=\dimen162
\LT@head=\box56
\LT@firsthead=\box57
\LT@foot=\box58
\LT@lastfoot=\box59
\LT@gbox=\box60
\LT@cols=\count278
\LT@rows=\count279
\c@LT@tables=\count280
\c@LT@chunks=\count281
\LT@p@ftn=\toks22
)))
(C:\Users\kevin\AppData\Roaming\MiKTeX\tex/latex/makecell\makecell.sty
Package: makecell 2009/08/03 V0.1e Managing of Tab Column Heads and Cells
\rotheadsize=\dimen163
\c@nlinenum=\count282
\TeXr@lab=\toks23
)
(C:\Users\kevin\AppData\Roaming\MiKTeX\tex/latex/setspace\setspace.sty
Package: setspace 2022/12/04 v6.7b set line spacing
)

Package array Warning: Redefining primitive column r on input line 40.

(C:\Program Files\MiKTeX\tex/latex/etoolbox\etoolbox.sty
Package: etoolbox 2020/10/05 v2.5k e-TeX tools for LaTeX (JAW)
\etb@tempcnta=\count283
)
(C:\Users\kevin\AppData\Roaming\MiKTeX\tex/latex/totcount\totcount.sty
Package: totcount 2011/01/25 v1.2 package for gettingthe total value of LaTeX c
ounters
)
\c@tablecnt=\count284
\c@tablecnt@totc=\count285
\c@figurecnt=\count286
\c@figurecnt@totc=\count287

(C:\Users\kevin\AppData\Roaming\MiKTeX\tex/latex/caption\caption.sty
Package: caption 2023/03/12 v3.6j Customizing captions (AR)

(C:\Users\kevin\AppData\Roaming\MiKTeX\tex/latex/caption\caption3.sty
Package: caption3 2023/03/12 v2.4 caption3 kernel (AR)
\caption@tempdima=\dimen164
\captionmargin=\dimen165
\caption@leftmargin=\dimen166
\caption@rightmargin=\dimen167
\caption@width=\dimen168
\caption@indent=\dimen169
\caption@parindent=\dimen170
\caption@hangindent=\dimen171
Package caption Info: Standard document class detected.
)
\c@caption@flags=\count288
\c@continuedfloat=\count289
Package caption Info: float package is loaded.
Package caption Info: longtable package is loaded.

(C:\Users\kevin\AppData\Roaming\MiKTeX\tex/latex/caption\ltcaption.sty
Package: ltcaption 2021/01/08 v1.4c longtable captions (AR)
))
(C:\Users\kevin\AppData\Roaming\MiKTeX\tex/latex/titlesec\titlesec.sty
Package: titlesec 2021/07/05 v2.14 Sectioning titles
\ttl@box=\box61
\beforetitleunit=\skip56
\aftertitleunit=\skip57
\ttl@plus=\dimen172
\ttl@minus=\dimen173
\ttl@toksa=\toks24
\titlewidth=\dimen174
\titlewidthlast=\dimen175
\titlewidthfirst=\dimen176
)
(C:\Users\kevin\AppData\Roaming\MiKTeX\tex/latex/enumitem\enumitem.sty
Package: enumitem 2019/06/20 v3.9 Customized lists
\labelindent=\skip58
\enit@outerparindent=\dimen177
\enit@toks=\toks25
\enit@inbox=\box62
\enit@count@id=\count290
\enitdp@description=\count291
)
(C:\Users\kevin\AppData\Roaming\MiKTeX\tex/latex/tocloft\tocloft.sty
Package: tocloft 2017/08/31 v2.3i parameterised ToC, etc., typesetting
Package tocloft Info: The document has section divisions on input line 51.
\cftparskip=\skip59
\cftbeforetoctitleskip=\skip60
\cftaftertoctitleskip=\skip61
\cftbeforepartskip=\skip62
\cftpartnumwidth=\skip63
\cftpartindent=\skip64
\cftbeforesecskip=\skip65
\cftsecindent=\skip66
\cftsecnumwidth=\skip67
\cftbeforesubsecskip=\skip68
\cftsubsecindent=\skip69
\cftsubsecnumwidth=\skip70
\cftbeforesubsubsecskip=\skip71
\cftsubsubsecindent=\skip72
\cftsubsubsecnumwidth=\skip73
\cftbeforeparaskip=\skip74
\cftparaindent=\skip75
\cftparanumwidth=\skip76
\cftbeforesubparaskip=\skip77
\cftsubparaindent=\skip78
\cftsubparanumwidth=\skip79
\cftbeforeloftitleskip=\skip80
\cftafterloftitleskip=\skip81
\cftbeforefigskip=\skip82
\cftfigindent=\skip83
\cftfignumwidth=\skip84
\c@lofdepth=\count292
\c@lotdepth=\count293
\cftbeforelottitleskip=\skip85
\cftafterlottitleskip=\skip86
\cftbeforetabskip=\skip87
\cfttabindent=\skip88
\cfttabnumwidth=\skip89
)
\saved@arstrutbox=\box63
\c@page@totc=\count294

(C:\Program Files\MiKTeX\tex/latex/hyperref\hyperref.sty
Package: hyperref 2023-04-22 v7.00x Hypertext links for LaTeX

(C:\Program Files\MiKTeX\tex/generic/pdftexcmds\pdftexcmds.sty
Package: pdftexcmds 2020-06-27 v0.33 Utility functions of pdfTeX for LuaTeX (HO
)

(C:\Users\kevin\AppData\Roaming\MiKTeX\tex/generic/infwarerr\infwarerr.sty
Package: infwarerr 2019/12/03 v1.5 Providing info/warning/error messages (HO)
)
Package pdftexcmds Info: \pdf@primitive is available.
Package pdftexcmds Info: \pdf@ifprimitive is available.
Package pdftexcmds Info: \pdfdraftmode not found.
)
(C:\Users\kevin\AppData\Roaming\MiKTeX\tex/generic/kvdefinekeys\kvdefinekeys.st
y
Package: kvdefinekeys 2019-12-19 v1.6 Define keys (HO)
) (C:\Users\kevin\AppData\Roaming\MiKTeX\tex/generic/pdfescape\pdfescape.sty
Package: pdfescape 2019/12/09 v1.15 Implements pdfTeX's escape features (HO)
)
(C:\Users\kevin\AppData\Roaming\MiKTeX\tex/latex/hycolor\hycolor.sty
Package: hycolor 2020-01-27 v1.10 Color options for hyperref/bookmark (HO)
)
(C:\Users\kevin\AppData\Roaming\MiKTeX\tex/latex/letltxmacro\letltxmacro.sty
Package: letltxmacro 2019/12/03 v1.6 Let assignment for LaTeX macros (HO)
)
(C:\Users\kevin\AppData\Roaming\MiKTeX\tex/latex/auxhook\auxhook.sty
Package: auxhook 2019-12-17 v1.6 Hooks for auxiliary files (HO)
)
(C:\Program Files\MiKTeX\tex/latex/hyperref\nameref.sty
Package: nameref 2022-05-17 v2.50 Cross-referencing by name of section

(C:\Users\kevin\AppData\Roaming\MiKTeX\tex/latex/refcount\refcount.sty
Package: refcount 2019/12/15 v3.6 Data extraction from label references (HO)
)
(C:\Users\kevin\AppData\Roaming\MiKTeX\tex/generic/gettitlestring\gettitlestrin
g.sty
Package: gettitlestring 2019/12/15 v1.6 Cleanup title references (HO)
)
\c@section@level=\count295
)
\@linkdim=\dimen178
\Hy@linkcounter=\count296
\Hy@pagecounter=\count297
 (C:\Program Files\MiKTeX\tex/latex/hyperref\pd1enc.def
File: pd1enc.def 2023-04-22 v7.00x Hyperref: PDFDocEncoding definition (HO)
)
(C:\Users\kevin\AppData\Roaming\MiKTeX\tex/generic/intcalc\intcalc.sty
Package: intcalc 2019/12/15 v1.3 Expandable calculations with integers (HO)
)
\Hy@SavedSpaceFactor=\count298

(C:\Program Files\MiKTeX\tex/latex/hyperref\puenc.def
File: puenc.def 2023-04-22 v7.00x Hyperref: PDF Unicode definition (HO)
)
Package hyperref Info: Option `unicode' set `true' on input line 3168.
Package hyperref Info: Hyper figures OFF on input line 4182.
Package hyperref Info: Link nesting OFF on input line 4187.
Package hyperref Info: Hyper index ON on input line 4190.
Package hyperref Info: Plain pages OFF on input line 4197.
Package hyperref Info: Backreferencing OFF on input line 4202.
Package hyperref Info: Implicit mode ON; LaTeX internals redefined.
Package hyperref Info: Bookmarks ON on input line 4449.
\c@Hy@tempcnt=\count299

(C:\Program Files\MiKTeX\tex/latex/url\url.sty
\Urlmuskip=\muskip16
Package: url 2013/09/16  ver 3.4  Verb mode for urls, etc.
)
LaTeX Info: Redefining \url on input line 4787.
\XeTeXLinkMargin=\dimen179

(C:\Users\kevin\AppData\Roaming\MiKTeX\tex/generic/bitset\bitset.sty
Package: bitset 2019/12/09 v1.3 Handle bit-vector datatype (HO)

(C:\Users\kevin\AppData\Roaming\MiKTeX\tex/generic/bigintcalc\bigintcalc.sty
Package: bigintcalc 2019/12/15 v1.5 Expandable calculations on big integers (HO
)
))
\Fld@menulength=\count300
\Field@Width=\dimen180
\Fld@charsize=\dimen181
Package hyperref Info: Hyper figures OFF on input line 6066.
Package hyperref Info: Link nesting OFF on input line 6071.
Package hyperref Info: Hyper index ON on input line 6074.
Package hyperref Info: backreferencing OFF on input line 6081.
Package hyperref Info: Link coloring OFF on input line 6086.
Package hyperref Info: Link coloring with OCG OFF on input line 6091.
Package hyperref Info: PDF/A mode OFF on input line 6096.

(C:\Program Files\MiKTeX\tex/latex/base\atbegshi-ltx.sty
Package: atbegshi-ltx 2021/01/10 v1.0c Emulation of the original atbegshi
package with kernel methods
)
\Hy@abspage=\count301
\c@Item=\count302
\c@Hfootnote=\count303
)
Package hyperref Info: Driver (autodetected): hxetex.

(C:\Program Files\MiKTeX\tex/latex/hyperref\hxetex.def
File: hxetex.def 2023-04-22 v7.00x Hyperref driver for XeTeX

(C:\Users\kevin\AppData\Roaming\MiKTeX\tex/generic/stringenc\stringenc.sty
Package: stringenc 2019/11/29 v1.12 Convert strings between diff. encodings (HO
)
)
\pdfm@box=\box64
\c@Hy@AnnotLevel=\count304
\HyField@AnnotCount=\count305
\Fld@listcount=\count306
\c@bookmark@seq@number=\count307

(C:\Users\kevin\AppData\Roaming\MiKTeX\tex/latex/rerunfilecheck\rerunfilecheck.
sty
Package: rerunfilecheck 2022-07-10 v1.10 Rerun checks for auxiliary files (HO)
 (C:\Program Files\MiKTeX\tex/latex/base\atveryend-ltx.sty
Package: atveryend-ltx 2020/08/19 v1.0a Emulation of the original atveryend pac
kage
with kernel methods
)
(C:\Users\kevin\AppData\Roaming\MiKTeX\tex/generic/uniquecounter\uniquecounter.
sty
Package: uniquecounter 2019/12/15 v1.4 Provide unlimited unique counter (HO)
)
Package uniquecounter Info: New unique counter `rerunfilecheck' on input line 2
85.
)
\Hy@SectionHShift=\skip90
) (C:\Program Files\MiKTeX\tex/latex/graphics\color.sty
Package: color 2022/01/06 v1.3d Standard LaTeX Color (DPC)

(C:\Program Files\MiKTeX\tex/latex/graphics-cfg\color.cfg
File: color.cfg 2016/01/02 v1.6 sample color configuration
)
Package color Info: Driver file: xetex.def on input line 149.

(C:\Program Files\MiKTeX\tex/latex/graphics\mathcolor.ltx))
(C:\Program Files\MiKTeX\tex/latex/listings\listings.sty
\lst@mode=\count308
\lst@gtempboxa=\box65
\lst@token=\toks26
\lst@length=\count309
\lst@currlwidth=\dimen182
\lst@column=\count310
\lst@pos=\count311
\lst@lostspace=\dimen183
\lst@width=\dimen184
\lst@newlines=\count312
\lst@lineno=\count313
\lst@maxwidth=\dimen185

(C:\Program Files\MiKTeX\tex/latex/listings\lstmisc.sty
File: lstmisc.sty 2023/02/27 1.9 (Carsten Heinz)
\c@lstnumber=\count314
\lst@skipnumbers=\count315
\lst@framebox=\box66
)
(C:\Program Files\MiKTeX\tex/latex/listings\listings.cfg
File: listings.cfg 2023/02/27 1.9 listings configuration
))
Package: listings 2023/02/27 1.9 (Carsten Heinz)

Package fontspec Info: Font family 'dejavu-sans-mono.ttf(0)' created for font
(fontspec)             'dejavu-sans-mono.ttf' with options
(fontspec)             [WordSpace={1,0,0},HyphenChar=None,PunctuationSpace=Word
Space,Scale=0.7].
(fontspec)              
(fontspec)              This font family consists of the following NFSS
(fontspec)             series/shapes:
(fontspec)              
(fontspec)             - 'normal' (m/n) with NFSS spec.:
(fontspec)             <->s*[0.7]"[dejavu-sans-mono.ttf]/OT:script=latn;languag
e=dflt;"
(fontspec)             - 'small caps'  (m/sc) with NFSS spec.: 
(fontspec)             and font adjustment code:
(fontspec)             \fontdimen 2\font =1\fontdimen 2\font \fontdimen 3\font
(fontspec)             =0\fontdimen 3\font \fontdimen 4\font =0\fontdimen
(fontspec)             4\font \fontdimen 7\font =0\fontdimen 2\font
(fontspec)             \tex_hyphenchar:D \font =-1\scan_stop: 


(C:\Program Files\MiKTeX\tex/latex/listings\lstlang1.sty
File: lstlang1.sty 2023/02/27 1.9 listings language file
)
(C:\Program Files\MiKTeX\tex/latex/listings\lstmisc.sty
File: lstmisc.sty 2023/02/27 1.9 (Carsten Heinz)
))
(C:\Users\kevin\AppData\Roaming\MiKTeX\tex/latex/adjustbox\adjustbox.sty
Package: adjustbox 2022/10/17 v1.3a Adjusting TeX boxes (trim, clip, ...)

(C:\Program Files\MiKTeX\tex/latex/xkeyval\xkeyval.sty
Package: xkeyval 2022/06/16 v2.9 package option processing (HA)

(C:\Program Files\MiKTeX\tex/generic/xkeyval\xkeyval.tex
(C:\Program Files\MiKTeX\tex/generic/xkeyval\xkvutils.tex
\XKV@toks=\toks27
\XKV@tempa@toks=\toks28
)
\XKV@depth=\count316
File: xkeyval.tex 2014/12/03 v2.7a key=value parser (HA)
))
(C:\Users\kevin\AppData\Roaming\MiKTeX\tex/latex/adjustbox\adjcalc.sty
Package: adjcalc 2012/05/16 v1.1 Provides advanced setlength with multiple back
-ends (calc, etex, pgfmath)
)
(C:\Users\kevin\AppData\Roaming\MiKTeX\tex/latex/adjustbox\trimclip.sty
Package: trimclip 2020/08/19 v1.2 Trim and clip general TeX material

(C:\Users\kevin\AppData\Roaming\MiKTeX\tex/latex/collectbox\collectbox.sty
Package: collectbox 2022/10/17 v0.4c Collect macro arguments as boxes
\collectedbox=\box67
)
\tc@llx=\dimen186
\tc@lly=\dimen187
\tc@urx=\dimen188
\tc@ury=\dimen189
Package trimclip Info: Using driver 'tc-xetex.def'.

(C:\Users\kevin\AppData\Roaming\MiKTeX\tex/latex/adjustbox\tc-xetex.def
File: tc-xetex.def 2019/01/04 v2.2 Clipping driver for xetex
))
\adjbox@Width=\dimen190
\adjbox@Height=\dimen191
\adjbox@Depth=\dimen192
\adjbox@Totalheight=\dimen193
\adjbox@pwidth=\dimen194
\adjbox@pheight=\dimen195
\adjbox@pdepth=\dimen196
\adjbox@ptotalheight=\dimen197

(C:\Users\kevin\AppData\Roaming\MiKTeX\tex/latex/ifoddpage\ifoddpage.sty
Package: ifoddpage 2022/10/18 v1.2 Conditionals for odd/even page detection
\c@checkoddpage=\count317
)
(C:\Users\kevin\AppData\Roaming\MiKTeX\tex/latex/varwidth\varwidth.sty
Package: varwidth 2009/03/30 ver 0.92;  Variable-width minipages
\@vwid@box=\box68
\sift@deathcycles=\count318
\@vwid@loff=\dimen198
\@vwid@roff=\dimen199
))
(main.aux)
\openout1 = `main.aux'.

LaTeX Font Info:    Checking defaults for OML/cmm/m/it on input line 16.
LaTeX Font Info:    ... okay on input line 16.
LaTeX Font Info:    Checking defaults for OMS/cmsy/m/n on input line 16.
LaTeX Font Info:    ... okay on input line 16.
LaTeX Font Info:    Checking defaults for OT1/cmr/m/n on input line 16.
LaTeX Font Info:    ... okay on input line 16.
LaTeX Font Info:    Checking defaults for T1/cmr/m/n on input line 16.
LaTeX Font Info:    ... okay on input line 16.
LaTeX Font Info:    Checking defaults for TS1/cmr/m/n on input line 16.
LaTeX Font Info:    Trying to load font information for TS1+cmr on input line 1
6.
 (C:\Program Files\MiKTeX\tex/latex/base\ts1cmr.fd
File: ts1cmr.fd 2022/07/10 v2.5l Standard LaTeX font definitions
)
LaTeX Font Info:    ... okay on input line 16.
LaTeX Font Info:    Checking defaults for TU/lmr/m/n on input line 16.
LaTeX Font Info:    ... okay on input line 16.
LaTeX Font Info:    Checking defaults for OMX/cmex/m/n on input line 16.
LaTeX Font Info:    ... okay on input line 16.
LaTeX Font Info:    Checking defaults for U/cmr/m/n on input line 16.
LaTeX Font Info:    ... okay on input line 16.
LaTeX Font Info:    Checking defaults for PD1/pdf/m/n on input line 16.
LaTeX Font Info:    ... okay on input line 16.
LaTeX Font Info:    Checking defaults for PU/pdf/m/n on input line 16.
LaTeX Font Info:    ... okay on input line 16.
LaTeX Info: Redefining \th on input line 16.

Package fontspec Info: Adjusting the maths setup (use [no-math] to avoid
(fontspec)             this).

\symlegacymaths=\mathgroup4
LaTeX Font Info:    Overwriting symbol font `legacymaths' in version `bold'
(Font)                  OT1/cmr/m/n --> OT1/cmr/bx/n on input line 16.
LaTeX Font Info:    Redeclaring math accent \acute on input line 16.
LaTeX Font Info:    Redeclaring math accent \grave on input line 16.
LaTeX Font Info:    Redeclaring math accent \ddot on input line 16.
LaTeX Font Info:    Redeclaring math accent \tilde on input line 16.
LaTeX Font Info:    Redeclaring math accent \bar on input line 16.
LaTeX Font Info:    Redeclaring math accent \breve on input line 16.
LaTeX Font Info:    Redeclaring math accent \check on input line 16.
LaTeX Font Info:    Redeclaring math accent \hat on input line 16.
LaTeX Font Info:    Redeclaring math accent \dot on input line 16.
LaTeX Font Info:    Redeclaring math accent \mathring on input line 16.
LaTeX Font Info:    Redeclaring math symbol \colon on input line 16.
LaTeX Font Info:    Redeclaring math symbol \Gamma on input line 16.
LaTeX Font Info:    Redeclaring math symbol \Delta on input line 16.
LaTeX Font Info:    Redeclaring math symbol \Theta on input line 16.
LaTeX Font Info:    Redeclaring math symbol \Lambda on input line 16.
LaTeX Font Info:    Redeclaring math symbol \Xi on input line 16.
LaTeX Font Info:    Redeclaring math symbol \Pi on input line 16.
LaTeX Font Info:    Redeclaring math symbol \Sigma on input line 16.
LaTeX Font Info:    Redeclaring math symbol \Upsilon on input line 16.
LaTeX Font Info:    Redeclaring math symbol \Phi on input line 16.
LaTeX Font Info:    Redeclaring math symbol \Psi on input line 16.
LaTeX Font Info:    Redeclaring math symbol \Omega on input line 16.
LaTeX Font Info:    Redeclaring math symbol \mathdollar on input line 16.
LaTeX Font Info:    Redeclaring symbol font `operators' on input line 16.
LaTeX Font Info:    Encoding `OT1' has changed to `TU' for symbol font
(Font)              `operators' in the math version `normal' on input line 16.
LaTeX Font Info:    Overwriting symbol font `operators' in version `normal'
(Font)                  OT1/cmr/m/n --> TU/TimesNewRoman(0)/m/n on input line 1
6.
LaTeX Font Info:    Encoding `OT1' has changed to `TU' for symbol font
(Font)              `operators' in the math version `bold' on input line 16.
LaTeX Font Info:    Overwriting symbol font `operators' in version `bold'
(Font)                  OT1/cmr/bx/n --> TU/TimesNewRoman(0)/m/n on input line 
16.
LaTeX Font Info:    Overwriting symbol font `operators' in version `normal'
(Font)                  TU/TimesNewRoman(0)/m/n --> TU/TimesNewRoman(0)/m/n on 
input line 16.
LaTeX Font Info:    Overwriting math alphabet `\mathit' in version `normal'
(Font)                  OT1/cmr/m/it --> TU/TimesNewRoman(0)/m/it on input line
 16.
LaTeX Font Info:    Overwriting math alphabet `\mathbf' in version `normal'
(Font)                  OT1/cmr/bx/n --> TU/TimesNewRoman(0)/b/n on input line 
16.
LaTeX Font Info:    Overwriting math alphabet `\mathsf' in version `normal'
(Font)                  OT1/cmss/m/n --> TU/lmss/m/n on input line 16.
LaTeX Font Info:    Overwriting math alphabet `\mathtt' in version `normal'
(Font)                  OT1/cmtt/m/n --> TU/dejavu-sans-mono.ttf(0)/m/n on inpu
t line 16.
LaTeX Font Info:    Overwriting symbol font `operators' in version `bold'
(Font)                  TU/TimesNewRoman(0)/m/n --> TU/TimesNewRoman(0)/b/n on 
input line 16.
LaTeX Font Info:    Overwriting math alphabet `\mathit' in version `bold'
(Font)                  OT1/cmr/bx/it --> TU/TimesNewRoman(0)/b/it on input lin
e 16.
LaTeX Font Info:    Overwriting math alphabet `\mathsf' in version `bold'
(Font)                  OT1/cmss/bx/n --> TU/lmss/b/n on input line 16.
LaTeX Font Info:    Overwriting math alphabet `\mathtt' in version `bold'
(Font)                  OT1/cmtt/m/n --> TU/dejavu-sans-mono.ttf(0)/b/n on inpu
t line 16.

*geometry* driver: auto-detecting
*geometry* detected driver: xetex
*geometry* verbose mode - [ preamble ] result:
* driver: xetex
* paper: a4paper
* layout: <same size as paper>
* layoutoffset:(h,v)=(0.0pt,0.0pt)
* modes: 
* h-part:(L,W,R)=(85.35826pt, 469.47049pt, 42.67912pt)
* v-part:(T,H,B)=(56.9055pt, 731.23584pt, 56.9055pt)
* \paperwidth=597.50787pt
* \paperheight=845.04684pt
* \textwidth=469.47049pt
* \textheight=731.23584pt
* \oddsidemargin=13.08827pt
* \evensidemargin=13.08827pt
* \topmargin=-54.36449pt
* \headheight=14.0pt
* \headsep=25.0pt
* \topskip=14.0pt
* \footskip=30.0pt
* \marginparwidth=15.0pt
* \marginparsep=10.0pt
* \columnsep=10.0pt
* \skip\footins=12.0pt plus 4.0pt minus 2.0pt
* \hoffset=0.0pt
* \voffset=0.0pt
* \mag=1000
* \@twocolumnfalse
* \@twosidefalse
* \@mparswitchfalse
* \@reversemarginfalse
* (1in=72.27pt=25.4mm, 1cm=28.453pt)

Package caption Info: Begin \AtBeginDocument code.
Package caption Info: hyperref package is loaded.
Package caption Info: listings package is loaded.
Package caption Info: End \AtBeginDocument code.
Package hyperref Info: Link coloring OFF on input line 16.
(main.out) (main.out)
\@outlinefile=\write3
\openout3 = `main.out'.

\c@lstlisting=\count319
 (ТитульныйЛист.tex
LaTeX Font Info:    External font `cmex10' loaded for size
(Font)              <14.4> on input line 27.
LaTeX Font Info:    External font `cmex10' loaded for size
(Font)              <7> on input line 27.

Overfull \hbox (4.70218pt too wide) in paragraph at lines 27--50
[]
 []


Overfull \hbox (4.70218pt too wide) in paragraph at lines 27--50
[] 
 []

) (ЛистЗадания.tex [1

] [2] [3]) (Реферат.tex
Overfull \hbox (4.70218pt too wide) in paragraph at lines 94--1
[][]
 []


Underfull \hbox (badness 10000) in paragraph at lines 94--1

 []

[4]
\c=\count320
\last=\count321
\pnul=\count322
\c=\count323
\last=\count324
\pnul=\count325
\c=\count326
\last=\count327
\pnul=\count328

Underfull \hbox (badness 10000) in paragraph at lines 10--11
[]\TU/TimesNewRoman(0)/m/n/14.4 Целью выпускной квалификационной работы являетс
я помощь
 []

[5

]
\c=\count329
\last=\count330
\pnul=\count331
\c=\count332
\last=\count333
\pnul=\count334
\c=\count335
\last=\count336
\pnul=\count337

Underfull \hbox (badness 10000) in paragraph at lines 29--30
[]\TU/TimesNewRoman(0)/m/n/14.4 The purpose of the graduate qualification work 
is to help
 []


Underfull \hbox (badness 2269) in paragraph at lines 29--30
\TU/TimesNewRoman(0)/m/n/14.4 in the organization of medical laboratory procedu
res, rapid registration of
 []

) (Содержание.tex [6] (main.toc
Overfull \hbox (7.2pt too wide) detected at line 5
\TU/TimesNewRoman(0)/m/n/14.4 1 
 []


Overfull \hbox (18.0pt too wide) detected at line 6
\TU/TimesNewRoman(0)/m/n/14.4 1.1 
 []


Overfull \hbox (18.0pt too wide) detected at line 7
\TU/TimesNewRoman(0)/m/n/14.4 1.2 
 []


Overfull \hbox (28.79999pt too wide) detected at line 8
\TU/TimesNewRoman(0)/m/n/14.4 1.2.1 
 []


Overfull \hbox (28.79999pt too wide) detected at line 9
\TU/TimesNewRoman(0)/m/n/14.4 1.2.2 
 []


Overfull \hbox (18.0pt too wide) detected at line 10
\TU/TimesNewRoman(0)/m/n/14.4 1.3 
 []


Overfull \hbox (7.2pt too wide) detected at line 11
\TU/TimesNewRoman(0)/m/n/14.4 2 
 []


Overfull \hbox (18.0pt too wide) detected at line 12
\TU/TimesNewRoman(0)/m/n/14.4 2.1 
 []


Overfull \hbox (18.0pt too wide) detected at line 13
\TU/TimesNewRoman(0)/m/n/14.4 2.2 
 []


Overfull \hbox (18.0pt too wide) detected at line 14
\TU/TimesNewRoman(0)/m/n/14.4 2.3 
 []


Overfull \hbox (28.79999pt too wide) detected at line 15
\TU/TimesNewRoman(0)/m/n/14.4 2.3.1 
 []


Overfull \hbox (18.0pt too wide) detected at line 16
\TU/TimesNewRoman(0)/m/n/14.4 2.4 
 []


Overfull \hbox (28.79999pt too wide) detected at line 17
\TU/TimesNewRoman(0)/m/n/14.4 2.4.1 
 []


Overfull \hbox (28.79999pt too wide) detected at line 18
\TU/TimesNewRoman(0)/m/n/14.4 2.4.2 
 []


Overfull \hbox (18.0pt too wide) detected at line 19
\TU/TimesNewRoman(0)/m/n/14.4 2.5 
 []


Overfull \hbox (18.0pt too wide) detected at line 20
\TU/TimesNewRoman(0)/m/n/14.4 2.6 
 []


Overfull \hbox (18.0pt too wide) detected at line 21
\TU/TimesNewRoman(0)/m/n/14.4 2.7 
 []


Overfull \hbox (28.79999pt too wide) detected at line 22
\TU/TimesNewRoman(0)/m/n/14.4 2.7.1 
 []


Overfull \hbox (28.79999pt too wide) detected at line 23
\TU/TimesNewRoman(0)/m/n/14.4 2.7.2 
 []


Overfull \hbox (18.0pt too wide) detected at line 24
\TU/TimesNewRoman(0)/m/n/14.4 2.8 
 []


Overfull \hbox (18.0pt too wide) detected at line 25
\TU/TimesNewRoman(0)/m/n/14.4 2.9 
 []


Overfull \hbox (7.2pt too wide) detected at line 26
\TU/TimesNewRoman(0)/m/n/14.4 3 
 []


Overfull \hbox (18.0pt too wide) detected at line 27
\TU/TimesNewRoman(0)/m/n/14.4 3.1 
 []


Overfull \hbox (28.79999pt too wide) detected at line 28
\TU/TimesNewRoman(0)/m/n/14.4 3.1.1 
 []


Overfull \hbox (18.0pt too wide) detected at line 29
\TU/TimesNewRoman(0)/m/n/14.4 3.2 
 []


Overfull \hbox (28.79999pt too wide) detected at line 30
\TU/TimesNewRoman(0)/m/n/14.4 3.2.1 
 []


Overfull \hbox (28.79999pt too wide) detected at line 31
\TU/TimesNewRoman(0)/m/n/14.4 3.2.2 
 []


Overfull \hbox (28.79999pt too wide) detected at line 32
\TU/TimesNewRoman(0)/m/n/14.4 3.2.3 
 []

[7]
Overfull \hbox (28.79999pt too wide) detected at line 33
\TU/TimesNewRoman(0)/m/n/14.4 3.2.4 
 []


Overfull \hbox (18.0pt too wide) detected at line 34
\TU/TimesNewRoman(0)/m/n/14.4 3.3 
 []


Overfull \hbox (28.79999pt too wide) detected at line 35
\TU/TimesNewRoman(0)/m/n/14.4 3.3.1 
 []


Overfull \hbox (28.79999pt too wide) detected at line 36
\TU/TimesNewRoman(0)/m/n/14.4 3.3.2 
 []


Overfull \hbox (18.0pt too wide) detected at line 37
\TU/TimesNewRoman(0)/m/n/14.4 3.4 
 []


Overfull \hbox (18.0pt too wide) detected at line 38
\TU/TimesNewRoman(0)/m/n/14.4 3.5 
 []


Overfull \hbox (18.0pt too wide) detected at line 39
\TU/TimesNewRoman(0)/m/n/14.4 3.6 
 []


Overfull \hbox (18.0pt too wide) detected at line 40
\TU/TimesNewRoman(0)/m/n/14.4 3.7 
 []


Overfull \hbox (18.0pt too wide) detected at line 41
\TU/TimesNewRoman(0)/m/n/14.4 3.8 
 []


Overfull \hbox (7.2pt too wide) detected at line 42
\TU/TimesNewRoman(0)/m/n/14.4 4 
 []


Overfull \hbox (18.0pt too wide) detected at line 43
\TU/TimesNewRoman(0)/m/n/14.4 4.1 
 []


Overfull \hbox (18.0pt too wide) detected at line 44
\TU/TimesNewRoman(0)/m/n/14.4 4.2 
 []


Overfull \hbox (18.0pt too wide) detected at line 45
\TU/TimesNewRoman(0)/m/n/14.4 4.3 
 []


Overfull \hbox (18.0pt too wide) detected at line 46
\TU/TimesNewRoman(0)/m/n/14.4 4.4 
 []


Overfull \hbox (18.0pt too wide) detected at line 47
\TU/TimesNewRoman(0)/m/n/14.4 4.5 
 []

)
\tf@toc=\write4
\openout4 = `main.toc'.


Underfull \hbox (badness 1558) in paragraph at lines 32--32
[]|\TU/TimesNewRoman(0)/m/n/14.4 Диаграмма прецедентов (Графический материал / 
Диаграмма
 []


Overfull \hbox (5.7933pt too wide) in alignment at lines 32--32
 [] [] 
 []

[8]) (Обозначения.tex [9]) (Введение.tex [10

] [11

]
\c=\count338
\last=\count339
\pnul=\count340
) (Анализ.tex [12] [13

]
[14] [15] [16]
Underfull \hbox (badness 1127) in paragraph at lines 68--69
\TU/TimesNewRoman(0)/m/n/14.4 содержимого отображается, например, текст, изобра
жения, гиперссылки,
 []

[17] [18]
Underfull \hbox (badness 1033) in paragraph at lines 101--102
[]\TU/TimesNewRoman(0)/m/n/14.4 Дополнительной полезной технологией является во
зможность про-
 []

) (ТехЗадание.tex [19]
Underfull \hbox (badness 5050) in paragraph at lines 5--6
[]\TU/TimesNewRoman(0)/m/n/14.4 Основанием для разработки данного приложения яв
ляется зада-
 []


Underfull \hbox (badness 1874) in paragraph at lines 5--6
\TU/TimesNewRoman(0)/m/n/14.4 ние на выпускную квалификационную работу бакалавр
а «Программно-
 []


Underfull \hbox (badness 1189) in paragraph at lines 18--19
[]\TU/TimesNewRoman(0)/m/n/14.4 Информационная безопасность: необходимо обеспеч
ить безопас-
 []

[20

] [21] [22]
File: images//pag1.png Graphic file (type bmp)
<images//pag1.png>
 [23] [24] [25]
File: images//diagramauso.jpg Graphic file (type bmp)
<images//diagramauso.jpg>
 [26] [27]
Underfull \hbox (badness 10000) in paragraph at lines 144--145
[]\TU/TimesNewRoman(0)/m/n/14.4 Система записывает информацию, внесенную в табл
ицу
 []

[28]
Underfull \hbox (badness 10000) in paragraph at lines 150--151
[]\TU/TimesNewRoman(0)/m/n/14.4 Система записывает информацию, введенную в табл
ицу
 []

[29]
Underfull \hbox (badness 10000) in paragraph at lines 168--169
[]\TU/TimesNewRoman(0)/m/n/14.4 Система записывает информацию, введенную в табл
ицу
 []


Underfull \hbox (badness 10000) in paragraph at lines 174--175
[]\TU/TimesNewRoman(0)/m/n/14.4 Система записывает информацию, внесенную в табл
ицу
 []

[30] [31] [32] [33] [34] [35]) (ТехПроект.tex [36] [37

]
Underfull \hbox (badness 1681) in paragraph at lines 46--46
[]\TU/TimesNewRoman(0)/m/n/14.4 Таблица 3.1 – Словарь данных для части среды ра
зрабатываемой веб-
 []


Overfull \hbox (10.97357pt too wide) in alignment at lines 46--46
 [] [] 
 []


Overfull \hbox (10.97357pt too wide) in alignment at lines 46--46
 [] [] 
 []


Overfull \hbox (10.97357pt too wide) in alignment at lines 46--46
 [] [] 
 []


Underfull \hbox (badness 10000) in paragraph at lines 46--46
[]|\TU/TimesNewRoman(0)/m/n/14.4 Поле«интерфейс
 []


Underfull \hbox (badness 10000) in paragraph at lines 46--46
[]|\TU/TimesNewRoman(0)/m/n/14.4 Поле«форма для
 []


Overfull \hbox (1.26941pt too wide) in paragraph at lines 46--46
[]|\TU/TimesNewRoman(0)/m/n/14.4 Поле«специальная
 []


Overfull \hbox (0.74207pt too wide) in paragraph at lines 46--46
[]|\TU/TimesNewRoman(0)/m/n/14.4 Поле«информация
 []


Overfull \hbox (10.97357pt too wide) in alignment at lines 46--46
 [] [] 
 []

[38]
Underfull \hbox (badness 1189) in paragraph at lines 52--53
\TU/TimesNewRoman(0)/m/n/14.4 собственного программного обеспечения, поскольку 
хорошая поддержка
 []

[39]
Underfull \hbox (badness 10000) in paragraph at lines 60--68
[]\TU/TimesNewRoman(0)/m/n/14.4 HTML - одна из основополагающих технологий в ве
б-
 []


Underfull \hbox (badness 3128) in paragraph at lines 60--68
\TU/TimesNewRoman(0)/m/n/14.4 программировании. HTML используется для определен
ия структуры и
 []


Underfull \hbox (badness 1968) in paragraph at lines 60--68
\TU/TimesNewRoman(0)/m/n/14.4 содержания веб-страницы, то есть элементов, из ко
торых она состоит,
 []


Underfull \hbox (badness 1082) in paragraph at lines 60--68
\TU/TimesNewRoman(0)/m/n/14.4 необходимые для изучения HTML, включают понимание
 тегов, базовой
 []


Underfull \hbox (badness 2635) in paragraph at lines 60--68
\TU/TimesNewRoman(0)/m/n/14.4 структуры веб-страниц, атрибутов, ссылок, форм, а
 также использова-
 []


Underfull \hbox (badness 1946) in paragraph at lines 60--68
\TU/TimesNewRoman(0)/m/n/14.4 используемый для разработки современных веб-стран
иц и являющийся
 []


Underfull \hbox (badness 1067) in paragraph at lines 60--68
\TU/TimesNewRoman(0)/m/n/14.4 легко читаемой и доступной для клиницистов. Оформ
ление и внешний
 []

[40]
Underfull \hbox (badness 1043) in paragraph at lines 78--79
[]\TU/TimesNewRoman(0)/m/n/14.4 Простая интеграция с HTML: PHP позволяет внедря
ть PHP-код
 []

[41]
Underfull \hbox (badness 1092) in paragraph at lines 80--81
[]\TU/TimesNewRoman(0)/m/n/14.4 Объектно-ориентированный: PHP также поддерживае
т объектно-
 []

[42] [43] [44]
File: images//diagramadecomponentes.png Graphic file (type bmp)
<images//diagramadecomponentes.png>
 [45]
File: images//diagramacomp2.png Graphic file (type bmp)
<images//diagramacomp2.png>

Underfull \hbox (badness 2564) in paragraph at lines 166--168
\TU/TimesNewRoman(0)/m/n/14.4 нента во время вызова, которые затем передаются с
ценарию в файле
 []

[46]
File: images//diagramacomp3.png Graphic file (type bmp)
<images//diagramacomp3.png>
 [47]
File: images//base.jpg Graphic file (type bmp)
<images//base.jpg>
 [48] [49]
Underfull \hbox (badness 1661) in paragraph at lines 214--215
[]\TU/TimesNewRoman(0)/m/n/14.4 Наконец, важно, чтобы лаборатория постоянно обн
овляла бланки,
 []

[50]
Underfull \hbox (badness 1762) in paragraph at lines 284--284
[]|\TU/TimesNewRoman(0)/m/n/14.4 Результат процессов, проведенных с
 []

[51] [52]) (РабочийПроект.tex [53]
Underfull \hbox (badness 1527) in paragraph at lines 33--33
\TU/TimesNewRoman(0)/m/n/14.4 ния нового медицин-
 []


Underfull \hbox (badness 4859) in paragraph at lines 33--33
\TU/TimesNewRoman(0)/m/n/14.4 ского учреждения, и
 []


Underfull \hbox (badness 1168) in paragraph at lines 33--33
\TU/TimesNewRoman(0)/m/n/14.4 с необходимыми раз-
 []


Underfull \hbox (badness 10000) in paragraph at lines 33--33
[]|\TU/TimesNewRoman(0)/m/n/14.4 <class=”cont_form»
 []


Underfull \hbox (badness 10000) in paragraph at lines 33--33
\TU/TimesNewRoman(0)/m/n/14.4 <class=”head»
 []


Underfull \hbox (badness 10000) in paragraph at lines 33--33
\TU/TimesNewRoman(0)/m/n/14.4 <h1>NewDoctror</h1>
 []


Underfull \hbox (badness 10000) in paragraph at lines 33--33
\TU/TimesNewRoman(0)/m/n/14.4 <method‘̄‘post”
 []


Underfull \hbox (badness 10000) in paragraph at lines 33--33
\TU/TimesNewRoman(0)/m/n/14.4 action=“/admin/
 []


Underfull \hbox (badness 2197) in paragraph at lines 47--47
[]|\TU/TimesNewRoman(0)/m/n/14.4 cont_form - помогает
 []


Underfull \hbox (badness 10000) in paragraph at lines 47--47
\TU/TimesNewRoman(0)/m/n/14.4 со всеми личными
 []


Underfull \hbox (badness 10000) in paragraph at lines 47--47
\TU/TimesNewRoman(0)/m/n/14.4 данными пациента,
 []


Underfull \hbox (badness 10000) in paragraph at lines 47--47
\TU/TimesNewRoman(0)/m/n/14.4 зарегистрированно-
 []


Underfull \hbox (badness 10000) in paragraph at lines 47--47
\TU/TimesNewRoman(0)/m/n/14.4 го в медицинской
 []


Underfull \hbox (badness 10000) in paragraph at lines 47--47
[]|\TU/TimesNewRoman(0)/m/n/14.4 <class=”cont_form»
 []


Underfull \hbox (badness 10000) in paragraph at lines 47--47
\TU/TimesNewRoman(0)/m/n/14.4 <class=”head»
 []


Underfull \hbox (badness 10000) in paragraph at lines 47--47
\TU/TimesNewRoman(0)/m/n/14.4 <h1>NewPatient</h1>
 []


Underfull \hbox (badness 10000) in paragraph at lines 47--47
\TU/TimesNewRoman(0)/m/n/14.4 <method‘̄‘post”
 []


Underfull \hbox (badness 10000) in paragraph at lines 47--47
\TU/TimesNewRoman(0)/m/n/14.4 action=“/admin/
 []

[54

]
Overfull \hbox (13.01169pt too wide) in alignment at lines 61--61
 [] [] [] [] 
 []


Overfull \hbox (13.01169pt too wide) in alignment at lines 61--61
 [] [] [] [] 
 []


Overfull \hbox (13.01169pt too wide) in alignment at lines 61--61
 [] [] [] [] 
 []


Overfull \hbox (1.42139pt too wide) in paragraph at lines 61--61
[]|\TU/TimesNewRoman(0)/m/n/14.4 formulario.php| 
 []


Underfull \hbox (badness 10000) in paragraph at lines 61--61
\TU/TimesNewRoman(0)/m/n/14.4 который поможет
 []


Underfull \hbox (badness 10000) in paragraph at lines 61--61
\TU/TimesNewRoman(0)/m/n/14.4 в создании формы
 []


Underfull \hbox (badness 10000) in paragraph at lines 61--61
\TU/TimesNewRoman(0)/m/n/14.4 для специальностей,
 []


Underfull \hbox (badness 10000) in paragraph at lines 61--61
[]|\TU/TimesNewRoman(0)/m/n/14.4 <method=“post”
 []


Underfull \hbox (badness 10000) in paragraph at lines 61--61
\TU/TimesNewRoman(0)/m/n/14.4 “action=”<?php echo
 []


Overfull \hbox (13.01169pt too wide) in alignment at lines 61--61
 [] [] [] [] 
 []


Overfull \hbox (13.01169pt too wide) in alignment at lines 77--77
 [] [] [] [] 
 []


Overfull \hbox (13.01169pt too wide) in alignment at lines 77--77
 [] [] [] [] 
 []


Overfull \hbox (13.01169pt too wide) in alignment at lines 77--77
 [] [] [] [] 
 []


Underfull \hbox (badness 10000) in paragraph at lines 77--77
[]|\TU/TimesNewRoman(0)/m/n/14.4 $pdo=newPDO
 []


Underfull \hbox (badness 10000) in paragraph at lines 77--77
\TU/TimesNewRoman(0)/m/n/14.4 (”mysql:host=$config
 []


Underfull \hbox (badness 10000) in paragraph at lines 77--77
\TU/TimesNewRoman(0)/m/n/14.4 [’host’];dbname=
 []


Underfull \hbox (badness 10000) in paragraph at lines 77--77
\TU/TimesNewRoman(0)/m/n/14.4 $config[’dbname’]
 []


Underfull \hbox (badness 10000) in paragraph at lines 77--77
\TU/TimesNewRoman(0)/m/n/14.4 $config[’user’],
 []


Overfull \hbox (13.01169pt too wide) in alignment at lines 77--77
 [] [] [] [] 
 []

[55]
Overfull \hbox (13.01169pt too wide) in alignment at lines 93--93
 [] [] [] [] 
 []


Overfull \hbox (13.01169pt too wide) in alignment at lines 93--93
 [] [] [] [] 
 []


Overfull \hbox (13.01169pt too wide) in alignment at lines 93--93
 [] [] [] [] 
 []


Underfull \hbox (badness 10000) in paragraph at lines 93--93
[]|\TU/TimesNewRoman(0)/m/n/14.4 Save
 []


Underfull \hbox (badness 10000) in paragraph at lines 93--93
[]|\TU/TimesNewRoman(0)/m/n/14.4 Save analysis - это
 []


Underfull \hbox (badness 1077) in paragraph at lines 93--93
\TU/TimesNewRoman(0)/m/n/14.4 гает хранить данные,
 []


Underfull \hbox (badness 10000) in paragraph at lines 93--93
\TU/TimesNewRoman(0)/m/n/14.4 специальности, в
 []


Underfull \hbox (badness 10000) in paragraph at lines 93--93
\TU/TimesNewRoman(0)/m/n/14.4 каждой выделенной
 []


Underfull \hbox (badness 10000) in paragraph at lines 93--93
[]|\TU/TimesNewRoman(0)/m/n/14.4 $statement = $conn-
 []


Underfull \hbox (badness 10000) in paragraph at lines 93--93
\TU/TimesNewRoman(0)/m/n/14.4 >prepare(’INSERT
 []


Underfull \hbox (badness 10000) in paragraph at lines 93--93
\TU/TimesNewRoman(0)/m/n/14.4 INTO specialty
 []


Underfull \hbox (badness 10000) in paragraph at lines 93--93
\TU/TimesNewRoman(0)/m/n/14.4 (columns) VALUES
 []


Underfull \hbox (badness 10000) in paragraph at lines 93--93
[]|\TU/TimesNewRoman(0)/m/n/14.4 Save
 []


Underfull \hbox (badness 10000) in paragraph at lines 93--93
[]|\TU/TimesNewRoman(0)/m/n/14.4 Save doctors - это
 []


Underfull \hbox (badness 10000) in paragraph at lines 93--93
\TU/TimesNewRoman(0)/m/n/14.4 класс, который по-
 []


Underfull \hbox (badness 1092) in paragraph at lines 93--93
\TU/TimesNewRoman(0)/m/n/14.4 может вам сохранить
 []


Underfull \hbox (badness 10000) in paragraph at lines 93--93
[]|\TU/TimesNewRoman(0)/m/n/14.4 $statement = $conn-
 []


Underfull \hbox (badness 10000) in paragraph at lines 93--93
\TU/TimesNewRoman(0)/m/n/14.4 >prepare(’INSERT
 []


Underfull \hbox (badness 10000) in paragraph at lines 93--93
\TU/TimesNewRoman(0)/m/n/14.4 INTO doctors
 []


Underfull \hbox (badness 10000) in paragraph at lines 93--93
\TU/TimesNewRoman(0)/m/n/14.4 (columns) VALUES
 []


Underfull \hbox (badness 10000) in paragraph at lines 93--93
[]|\TU/TimesNewRoman(0)/m/n/14.4 Save patient - это
 []


Underfull \hbox (badness 10000) in paragraph at lines 93--93
\TU/TimesNewRoman(0)/m/n/14.4 класс, который по-
 []


Underfull \hbox (badness 1092) in paragraph at lines 93--93
\TU/TimesNewRoman(0)/m/n/14.4 может вам сохранить
 []


Underfull \hbox (badness 10000) in paragraph at lines 93--93
\TU/TimesNewRoman(0)/m/n/14.4 данные, введенные
 []


Underfull \hbox (badness 10000) in paragraph at lines 93--93
\TU/TimesNewRoman(0)/m/n/14.4 для новых пациен-
 []


Underfull \hbox (badness 10000) in paragraph at lines 93--93
\TU/TimesNewRoman(0)/m/n/14.4 тов, поступивших в
 []


Underfull \hbox (badness 10000) in paragraph at lines 93--93
[]|\TU/TimesNewRoman(0)/m/n/14.4 $statement = $conn-
 []


Underfull \hbox (badness 10000) in paragraph at lines 93--93
\TU/TimesNewRoman(0)/m/n/14.4 >prepare(’INSERT
 []


Overfull \hbox (13.01169pt too wide) in alignment at lines 93--93
 [] [] [] [] 
 []

[56]
Overfull \hbox (13.01169pt too wide) in alignment at lines 110--110
 [] [] [] [] 
 []


Overfull \hbox (13.01169pt too wide) in alignment at lines 110--110
 [] [] [] [] 
 []


Overfull \hbox (13.01169pt too wide) in alignment at lines 110--110
 [] [] [] [] 
 []


Underfull \hbox (badness 10000) in paragraph at lines 110--110
[]|\TU/TimesNewRoman(0)/m/n/14.4 Show - это класс,
 []


Underfull \hbox (badness 10000) in paragraph at lines 110--110
\TU/TimesNewRoman(0)/m/n/14.4 который помогает
 []


Underfull \hbox (badness 10000) in paragraph at lines 110--110
\TU/TimesNewRoman(0)/m/n/14.4 сделать запрос к
 []


Underfull \hbox (badness 10000) in paragraph at lines 110--110
[]|\TU/TimesNewRoman(0)/m/n/14.4 $sql =’SELECT
 []


Underfull \hbox (badness 10000) in paragraph at lines 110--110
\TU/TimesNewRoman(0)/m/n/14.4 * FROM
 []


Underfull \hbox (badness 10000) in paragraph at lines 110--110
\TU/TimesNewRoman(0)/m/n/14.4 dbo.Patients’; $result
 []


Underfull \hbox (badness 10000) in paragraph at lines 110--110
\TU/TimesNewRoman(0)/m/n/14.4 = mysqli_query($link,
 []


Underfull \hbox (badness 10000) in paragraph at lines 110--110
\TU/TimesNewRoman(0)/m/n/14.4 $sql); if ($result
 []


Underfull \hbox (badness 10000) in paragraph at lines 110--110
\TU/TimesNewRoman(0)/m/n/14.4 == false)  print(
 []


Overfull \hbox (13.01169pt too wide) in alignment at lines 110--110
 [] [] [] [] 
 []

[57] (C:\Program Files\MiKTeX\tex/latex/listings\lstlang1.sty
File: lstlang1.sty 2023/02/27 1.9 listings language file
)
(C:\Program Files\MiKTeX\tex/latex/listings\lstmisc.sty
File: lstmisc.sty 2023/02/27 1.9 (Carsten Heinz)
)
LaTeX Font Info:    Font shape `TU/dejavu-sans-mono.ttf(0)/m/n' will be
(Font)              scaled to size 10.07994pt on input line 127.
 [58]
File: images//Login.jpg Graphic file (type bmp)
<images//Login.jpg>
File: images//error.png Graphic file (type bmp)
<images//error.png>
 [59]
File: images//menu.png Graphic file (type bmp)
<images//menu.png>
File: images//pagi1.jpg Graphic file (type bmp)
<images//pagi1.jpg>
 [60]
File: images//pag3.jpg Graphic file (type bmp)
<images//pag3.jpg>

[61]
File: images//pag2.jpg Graphic file (type bmp)
<images//pag2.jpg>
 [62]
File: images//inform.png Graphic file (type bmp)
<images//inform.png>
 [63]
Underfull \hbox (badness 1210) in paragraph at lines 262--262
[]|\TU/TimesNewRoman(0)/m/n/14.4 Пользователь не
 []


Underfull \hbox (badness 5711) in paragraph at lines 262--262
\TU/TimesNewRoman(0)/m/n/14.4 ввел имя поль-
 []


Underfull \hbox (badness 1210) in paragraph at lines 262--262
[]|\TU/TimesNewRoman(0)/m/n/14.4 Пользователь не
 []


Underfull \hbox (badness 10000) in paragraph at lines 262--262
\TU/TimesNewRoman(0)/m/n/14.4 вводил цифры,
 []


Underfull \hbox (badness 10000) in paragraph at lines 262--262
\TU/TimesNewRoman(0)/m/n/14.4 символы или
 []


Underfull \hbox (badness 10000) in paragraph at lines 262--262
\TU/TimesNewRoman(0)/m/n/14.4 буквы в поля
 []


Underfull \hbox (badness 2781) in paragraph at lines 262--262
\TU/TimesNewRoman(0)/m/n/14.4 ни пользователя
 []


Underfull \hbox (badness 6300) in paragraph at lines 262--262
\TU/TimesNewRoman(0)/m/n/14.4 жает временное
 []


Underfull \hbox (badness 10000) in paragraph at lines 262--262
[]|\TU/TimesNewRoman(0)/m/n/14.4 Пользователь
 []


Underfull \hbox (badness 10000) in paragraph at lines 262--262
\TU/TimesNewRoman(0)/m/n/14.4 правильно
 []


Underfull \hbox (badness 10000) in paragraph at lines 262--262
\TU/TimesNewRoman(0)/m/n/14.4 введите имя
 []


Underfull \hbox (badness 10000) in paragraph at lines 262--262
\TU/TimesNewRoman(0)/m/n/14.4 пользователя и
 []


Underfull \hbox (badness 10000) in paragraph at lines 262--262
[]|\TU/TimesNewRoman(0)/m/n/14.4 Пользователь
 []


Underfull \hbox (badness 10000) in paragraph at lines 262--262
\TU/TimesNewRoman(0)/m/n/14.4 правильно вво-
 []


Underfull \hbox (badness 10000) in paragraph at lines 262--262
\TU/TimesNewRoman(0)/m/n/14.4 дит данные
 []


Underfull \hbox (badness 10000) in paragraph at lines 262--262
\TU/TimesNewRoman(0)/m/n/14.4 врача, а затем
 []


Underfull \hbox (badness 5924) in paragraph at lines 262--262
\TU/TimesNewRoman(0)/m/n/14.4 нажимает кноп-
 []


Underfull \hbox (badness 3815) in paragraph at lines 262--262
\TU/TimesNewRoman(0)/m/n/14.4 ку для входа в
 []


Underfull \hbox (badness 10000) in paragraph at lines 262--262
[]|\TU/TimesNewRoman(0)/m/n/14.4 Система я от-
 []


Underfull \hbox (badness 10000) in paragraph at lines 262--262
\TU/TimesNewRoman(0)/m/n/14.4 страницу, ко-
 []


Underfull \hbox (badness 10000) in paragraph at lines 262--262
\TU/TimesNewRoman(0)/m/n/14.4 торая является
 []


Underfull \hbox (badness 10000) in paragraph at lines 262--262
\TU/TimesNewRoman(0)/m/n/14.4 формой для
 []


Underfull \hbox (badness 10000) in paragraph at lines 262--262
\TU/TimesNewRoman(0)/m/n/14.4 регистрации
 []


Underfull \hbox (badness 2486) in paragraph at lines 262--262
[]|\TU/TimesNewRoman(0)/m/n/14.4 Регистрация но-
 []


Underfull \hbox (badness 10000) in paragraph at lines 262--262
[]|\TU/TimesNewRoman(0)/m/n/14.4 Пользователь
 []


Underfull \hbox (badness 10000) in paragraph at lines 262--262
\TU/TimesNewRoman(0)/m/n/14.4 заполняет поля
 []


Underfull \hbox (badness 10000) in paragraph at lines 262--262
[]|\TU/TimesNewRoman(0)/m/n/14.4 Врач или мед-
 []


Underfull \hbox (badness 10000) in paragraph at lines 262--262
\TU/TimesNewRoman(0)/m/n/14.4 сестра вводит
 []


Underfull \hbox (badness 10000) in paragraph at lines 262--262
\TU/TimesNewRoman(0)/m/n/14.4 личную инфор-
 []


Underfull \hbox (badness 10000) in paragraph at lines 262--262
\TU/TimesNewRoman(0)/m/n/14.4 ется поступить
 []


Underfull \hbox (badness 10000) in paragraph at lines 262--262
\TU/TimesNewRoman(0)/m/n/14.4 в медицин-
 []


Underfull \hbox (badness 10000) in paragraph at lines 262--262
\TU/TimesNewRoman(0)/m/n/14.4 скую лабора-
 []


Underfull \hbox (badness 10000) in paragraph at lines 262--262
\TU/TimesNewRoman(0)/m/n/14.4 торию.Затем
 []


Underfull \hbox (badness 1194) in paragraph at lines 262--262
\TU/TimesNewRoman(0)/m/n/14.4 нажмите кнопку
 []


Underfull \hbox (badness 10000) in paragraph at lines 262--262
[]|\TU/TimesNewRoman(0)/m/n/14.4 Система прове-
 []


Underfull \hbox (badness 10000) in paragraph at lines 262--262
\TU/TimesNewRoman(0)/m/n/14.4 ряет информа-
 []


Underfull \hbox (badness 1769) in paragraph at lines 262--262
\TU/TimesNewRoman(0)/m/n/14.4 цию, введенную
 []


Underfull \hbox (badness 10000) in paragraph at lines 262--262
\TU/TimesNewRoman(0)/m/n/14.4 в поля формы
 []


Underfull \hbox (badness 10000) in paragraph at lines 262--262
\TU/TimesNewRoman(0)/m/n/14.4 для записи в
 []


Underfull \hbox (badness 10000) in paragraph at lines 262--262
\TU/TimesNewRoman(0)/m/n/14.4 таблицу базы
 []


Underfull \hbox (badness 10000) in paragraph at lines 262--262
[]|\TU/TimesNewRoman(0)/m/n/14.4 Заполнение
 []


Underfull \hbox (badness 10000) in paragraph at lines 262--262
\TU/TimesNewRoman(0)/m/n/14.4 специальной
 []


Underfull \hbox (badness 10000) in paragraph at lines 262--262
[]|\TU/TimesNewRoman(0)/m/n/14.4 Пользователь
 []


Underfull \hbox (badness 10000) in paragraph at lines 262--262
\TU/TimesNewRoman(0)/m/n/14.4 выбирает спе-
 []


Underfull \hbox (badness 10000) in paragraph at lines 262--262
\TU/TimesNewRoman(0)/m/n/14.4 циальность в
 []


Underfull \hbox (badness 10000) in paragraph at lines 262--262
[]|\TU/TimesNewRoman(0)/m/n/14.4 Врач или мед-
 []


Underfull \hbox (badness 10000) in paragraph at lines 262--262
\TU/TimesNewRoman(0)/m/n/14.4 специальность,
 []


Underfull \hbox (badness 10000) in paragraph at lines 262--262
\TU/TimesNewRoman(0)/m/n/14.4 необходимую
 []


Underfull \hbox (badness 10000) in paragraph at lines 262--262
\TU/TimesNewRoman(0)/m/n/14.4 пациенту, и
 []


Underfull \hbox (badness 10000) in paragraph at lines 262--262
\TU/TimesNewRoman(0)/m/n/14.4 записывают
 []


Underfull \hbox (badness 10000) in paragraph at lines 262--262
\TU/TimesNewRoman(0)/m/n/14.4 проводимые с
 []


Underfull \hbox (badness 10000) in paragraph at lines 262--262
\TU/TimesNewRoman(0)/m/n/14.4 ним процедуры
 []


Underfull \hbox (badness 10000) in paragraph at lines 262--262
\TU/TimesNewRoman(0)/m/n/14.4 и обследо-
 []


Underfull \hbox (badness 10000) in paragraph at lines 262--262
\TU/TimesNewRoman(0)/m/n/14.4 вания.Затем
 []


Underfull \hbox (badness 1194) in paragraph at lines 262--262
\TU/TimesNewRoman(0)/m/n/14.4 нажмите кнопку
 []


Underfull \hbox (badness 10000) in paragraph at lines 262--262
[]|\TU/TimesNewRoman(0)/m/n/14.4 Система прове-
 []


Underfull \hbox (badness 1540) in paragraph at lines 262--262
\TU/TimesNewRoman(0)/m/n/14.4 ет информацию,
 []


Underfull \hbox (badness 10000) in paragraph at lines 262--262
\TU/TimesNewRoman(0)/m/n/14.4 введенную в
 []


Underfull \hbox (badness 10000) in paragraph at lines 262--262
\TU/TimesNewRoman(0)/m/n/14.4 поля формы,
 []


Underfull \hbox (badness 10000) in paragraph at lines 262--262
\TU/TimesNewRoman(0)/m/n/14.4 и сохраняет в
 []


Underfull \hbox (badness 10000) in paragraph at lines 262--262
\TU/TimesNewRoman(0)/m/n/14.4 табеле каждой
 []


Underfull \hbox (badness 2486) in paragraph at lines 262--262
[]|\TU/TimesNewRoman(0)/m/n/14.4 Регистрация но-
 []


Underfull \hbox (badness 1173) in paragraph at lines 262--262
\TU/TimesNewRoman(0)/m/n/14.4 цинской лабора-
 []


Underfull \hbox (badness 10000) in paragraph at lines 262--262
[]|\TU/TimesNewRoman(0)/m/n/14.4 Врач или мед-
 []


Underfull \hbox (badness 10000) in paragraph at lines 262--262
\TU/TimesNewRoman(0)/m/n/14.4 сестра запишут
 []


Underfull \hbox (badness 10000) in paragraph at lines 262--262
\TU/TimesNewRoman(0)/m/n/14.4 информацию
 []


Underfull \hbox (badness 10000) in paragraph at lines 262--262
\TU/TimesNewRoman(0)/m/n/14.4 о новом враче,
 []


Underfull \hbox (badness 10000) in paragraph at lines 262--262
\TU/TimesNewRoman(0)/m/n/14.4 который бу-
 []


Underfull \hbox (badness 10000) in paragraph at lines 262--262
\TU/TimesNewRoman(0)/m/n/14.4 дет работать в
 []


Underfull \hbox (badness 10000) in paragraph at lines 262--262
\TU/TimesNewRoman(0)/m/n/14.4 медицинской
 []


Underfull \hbox (badness 10000) in paragraph at lines 262--262
\TU/TimesNewRoman(0)/m/n/14.4 лаборатории.
 []


Underfull \hbox (badness 10000) in paragraph at lines 262--262
\TU/TimesNewRoman(0)/m/n/14.4 А затем на-
 []


Underfull \hbox (badness 10000) in paragraph at lines 262--262
\TU/TimesNewRoman(0)/m/n/14.4 жмите кнопку
 []


Underfull \hbox (badness 10000) in paragraph at lines 262--262
[]|\TU/TimesNewRoman(0)/m/n/14.4 Система прове-
 []


Underfull \hbox (badness 10000) in paragraph at lines 262--262
\TU/TimesNewRoman(0)/m/n/14.4 ряет информа-
 []


Underfull \hbox (badness 10000) in paragraph at lines 262--262
\TU/TimesNewRoman(0)/m/n/14.4 таблицу врачей
 []


Underfull \hbox (badness 7540) in paragraph at lines 262--262
[]|\TU/TimesNewRoman(0)/m/n/14.4 Отображать ин-
 []


Underfull \hbox (badness 10000) in paragraph at lines 262--262
[]|\TU/TimesNewRoman(0)/m/n/14.4 Пользователь
 []


Underfull \hbox (badness 10000) in paragraph at lines 262--262
\TU/TimesNewRoman(0)/m/n/14.4 хочет видеть
 []


Underfull \hbox (badness 10000) in paragraph at lines 262--262
\TU/TimesNewRoman(0)/m/n/14.4 информацию о
 []


Underfull \hbox (badness 4913) in paragraph at lines 262--262
\TU/TimesNewRoman(0)/m/n/14.4 ном поле отоб-
 []


Underfull \hbox (badness 2376) in paragraph at lines 262--262
\TU/TimesNewRoman(0)/m/n/14.4 ражается табала
 []


Underfull \hbox (badness 1077) in paragraph at lines 262--262
\TU/TimesNewRoman(0)/m/n/14.4 циентов, зареги-
 []


Underfull \hbox (badness 5908) in paragraph at lines 262--262
\TU/TimesNewRoman(0)/m/n/14.4 стрированных в
 []


Underfull \hbox (badness 2261) in paragraph at lines 262--262
[]|\TU/TimesNewRoman(0)/m/n/14.4 Система развер-
 []


Underfull \hbox (badness 10000) in paragraph at lines 262--262
\TU/TimesNewRoman(0)/m/n/14.4 тывает таблицу,
 []


Underfull \hbox (badness 10000) in paragraph at lines 262--262
[]|\TU/TimesNewRoman(0)/m/n/14.4 Пользователь
 []


Underfull \hbox (badness 10000) in paragraph at lines 262--262
[]|\TU/TimesNewRoman(0)/m/n/14.4 Пользователь
 []


Underfull \hbox (badness 5924) in paragraph at lines 262--262
\TU/TimesNewRoman(0)/m/n/14.4 нажимает кноп-
 []


Underfull \hbox (badness 10000) in paragraph at lines 262--262
\TU/TimesNewRoman(0)/m/n/14.4 ку выхода в
 []


Underfull \hbox (badness 10000) in paragraph at lines 262--262
\TU/TimesNewRoman(0)/m/n/14.4 нижней части
 []


Underfull \hbox (badness 10000) in paragraph at lines 262--262
[]|\TU/TimesNewRoman(0)/m/n/14.4 Система завер-
 []


Underfull \hbox (badness 10000) in paragraph at lines 262--262
\TU/TimesNewRoman(0)/m/n/14.4 шает сеанс и
 []


Underfull \hbox (badness 10000) in paragraph at lines 262--262
\TU/TimesNewRoman(0)/m/n/14.4 возвращается
 []


Underfull \hbox (badness 10000) in paragraph at lines 262--262
\TU/TimesNewRoman(0)/m/n/14.4 на главный
 []


Underfull \hbox (badness 10000) in paragraph at lines 262--262
\TU/TimesNewRoman(0)/m/n/14.4 экран, чтобы
 []


Underfull \hbox (badness 10000) in paragraph at lines 262--262
\TU/TimesNewRoman(0)/m/n/14.4 пользователя и
 []

[64] [65]) (Заключение.tex [66]) (СписокИсточников.tex [67

]
Overfull \hbox (61.47949pt too wide) in paragraph at lines 7--8
[]\TU/TimesNewRoman(0)/m/n/14.4 Mclibre.org: сайт. – URL: https://www.mclibre.o
rg/consultar/htmlcss/otros/historia-
 []


Underfull \hbox (badness 10000) in paragraph at lines 8--9
[]\TU/TimesNewRoman(0)/m/n/14.4 UPanama: Universidad de Panama: офиц. сайт. – U
RL:
 []


Underfull \hbox (badness 10000) in paragraph at lines 10--11
\TU/TimesNewRoman(0)/m/n/14.4 https://www.caracteristicasdel.com/tecnologia/car
acteristicasdelphp.html (дата
 []


Overfull \hbox (35.2553pt too wide) in paragraph at lines 13--15
[]\TU/TimesNewRoman(0)/m/n/14.4 Lenguajecss: офиц. сайт. – URL: https://lenguaj
ecss.com/css/introduccion/que-
 []


Underfull \hbox (badness 10000) in paragraph at lines 17--18
\TU/TimesNewRoman(0)/m/n/14.4 https://developer.mozilla.org/es/docs/Web/HTML (д
ата обращения:
 []


Overfull \hbox (45.34276pt too wide) in paragraph at lines 20--21
[]\TU/TimesNewRoman(0)/m/n/14.4 MCLIBRE: сайт. – URL: https://www.mclibre.org/c
onsultar/php/lecciones/php-
 []

[68

]
Underfull \hbox (badness 10000) in paragraph at lines 23--24
\TU/TimesNewRoman(0)/m/n/14.4 https://www.websiterating.com/es/resources/html-c
ss-php-cheat-sheet/ (дата
 []


Underfull \hbox (badness 10000) in paragraph at lines 26--27
[]\TU/TimesNewRoman(0)/m/n/14.4 KINSTA: офиц. сайт. – URL: https://kinsta.com/e
s/base-de-
 []


Overfull \hbox (36.18866pt too wide) in paragraph at lines 27--28
\TU/TimesNewRoman(0)/m/n/14.4 https://help.salesforce.com/s/articleView?id=sf.m
c_es_php_conv_samples.htm&type=5
 []


Underfull \hbox (badness 1237) in paragraph at lines 30--31
[]\TU/TimesNewRoman(0)/m/n/14.4 IEBS: офиц. сайт. – URL: https://www.iebschool.
com/blog/que-es-
 []


Underfull \hbox (badness 10000) in paragraph at lines 32--33
\TU/TimesNewRoman(0)/m/n/14.4 https://ondho.com/diccionario-de-marketing/term/h
tml/ (дата обращения:
 []


Overfull \hbox (10.32248pt too wide) in paragraph at lines 33--34
[]\TU/TimesNewRoman(0)/m/n/14.4 Apr: офиц. сайт. – URL: https://www.aprenderapr
ogramar.com/index.php
 []


Underfull \hbox (badness 1681) in paragraph at lines 34--35
[]\TU/TimesNewRoman(0)/m/n/14.4 Funnel: сайт. – URL: https://funnel.mx/usar-cms
-mejor-una-pagina-
 []


Underfull \hbox (badness 1132) in paragraph at lines 35--36
[]\TU/TimesNewRoman(0)/m/n/14.4 Tokiers: офиц. сайт. – URL: https://www.tokiosc
hool.com/noticias/
 []

[69]
Overfull \hbox (2.41936pt too wide) in paragraph at lines 36--37
[]\TU/TimesNewRoman(0)/m/n/14.4 Tutsplus: офиц. сайт. – URL: https://code.tutsp
lus.com/es/tutorials/how-
 []


Underfull \hbox (badness 10000) in paragraph at lines 40--41
\TU/TimesNewRoman(0)/m/n/14.4 https://norfipc.com/codigos/html-facil-codigo-ele
mentos-basicos-
 []


Underfull \hbox (badness 10000) in paragraph at lines 41--42
[]\TU/TimesNewRoman(0)/m/n/14.4 Norfipc.com: офиц. сайт. – URL:
 []


Underfull \hbox (badness 10000) in paragraph at lines 41--42
\TU/TimesNewRoman(0)/m/n/14.4 https://norfipc.com/codigos/configurar-paginas-co
n-css-para-imprimir-guardar-
 []


Underfull \hbox (badness 5161) in paragraph at lines 42--43
[]\TU/TimesNewRoman(0)/m/n/14.4 Norfipc.com: офиц. сайт. – URL: https://norfipc
.com/web/como-
 []


Overfull \hbox (421.98793pt too wide) in paragraph at lines 43--44
[]\TU/TimesNewRoman(0)/m/n/14.4 WebDocs: офиц. сайт. – URL: https://developer.m
ozilla.org/es/docs/Learn/HTML/Introduction_to_HTML/Test_your_skills:_HTML_text_
basics
 []


Overfull \hbox (96.06854pt too wide) in paragraph at lines 44--45
[]\TU/TimesNewRoman(0)/m/n/14.4 LWP: офиц. сайт. – URL: https://www.lawebdelpro
gramador.com/foros/HTML/691447-
 []


Underfull \hbox (badness 10000) in paragraph at lines 46--47
[]\TU/TimesNewRoman(0)/m/n/14.4 CosasdeDevs: сайт. – URL: https://cosasdedevs.c
om/posts/testar-
 []


Overfull \hbox (56.62323pt too wide) in paragraph at lines 49--50
[]\TU/TimesNewRoman(0)/m/n/14.4 sukachOFF: офиц. сайт. – URL: https://sukachoff
.ru/es/programmy/kommentarii-
 []


Underfull \hbox (badness 10000) in paragraph at lines 49--50
\TU/TimesNewRoman(0)/m/n/14.4 v-html-css-php-kak-zakommentirovat-na-vremya-kod-
html-css-ili-php-js-kak/
 []

[70]
Underfull \hbox (badness 10000) in paragraph at lines 52--53
\TU/TimesNewRoman(0)/m/n/14.4 https://www.manualweb.net/html/formularios-html/ 
(дата обращения:
 []


Underfull \hbox (badness 3209) in paragraph at lines 53--54
[]\TU/TimesNewRoman(0)/m/n/14.4 Norfipc: офиц. сайт. – URL: https://norfipc.com
/web/usar-estilos-
 []


Underfull \hbox (badness 10000) in paragraph at lines 55--56
\TU/TimesNewRoman(0)/m/n/14.4 https://www.cevagraf.coop/blog/como-crear-un-boto
n-basico-en-html-y-css/
 []


Underfull \hbox (badness 10000) in paragraph at lines 56--57
\TU/TimesNewRoman(0)/m/n/14.4 un-boton-de-llamada-a-la-accion-clicable-para-tu-
tema-de-shopify (дата
 []


Underfull \hbox (badness 10000) in paragraph at lines 57--58
[]\TU/TimesNewRoman(0)/m/n/14.4 W3big: сайт. – URL: https://www.w3big.com/es/ph
p/php-mysql-
 []


Underfull \hbox (badness 10000) in paragraph at lines 58--59
\TU/TimesNewRoman(0)/m/n/14.4 https://programacionfacil.org/blog/instalacion-de
-un-servidor-para-php-y-mysql/
 []

) (Плакаты.tex [71]
File: images//плакат1.png Graphic file (type bmp)
<images//плакат1.png>
 [72

]
File: images//плакат2.png Graphic file (type bmp)
<images//плакат2.png>
 [73]
File: images//плакат3.png Graphic file (type bmp)
<images//плакат3.png>
 [74]
File: images//плакат4.png Graphic file (type bmp)
<images//плакат4.png>
 [75]
File: images//плакат5.png Graphic file (type bmp)
<images//плакат5.png>
 [76]
File: images//плакат6.png Graphic file (type bmp)
<images//плакат6.png>
 [77]
File: images//плакат7.png Graphic file (type bmp)
<images//плакат7.png>
 [78]
File: images//плакат8.png Graphic file (type bmp)
<images//плакат8.png>
 [79]
File: images//плакат9.png Graphic file (type bmp)
<images//плакат9.png>
 [80]
File: images//плакат10.png Graphic file (type bmp)
<images//плакат10.png>
 [81]
File: images//плакат11.png Graphic file (type bmp)
<images//плакат11.png>
 [82]
File: images//плакат12.png Graphic file (type bmp)
<images//плакат12.png>
)
(Код.tex [83] [84] (C:\Program Files\MiKTeX\tex/latex/listings\lstlang1.sty
File: lstlang1.sty 2023/02/27 1.9 listings language file
)
(C:\Program Files\MiKTeX\tex/latex/listings\lstlang2.sty
File: lstlang2.sty 2023/02/27 1.9 listings language file
)
(C:\Program Files\MiKTeX\tex/latex/listings\lstlang3.sty
File: lstlang3.sty 2023/02/27 1.9 listings language file
)
(C:\Program Files\MiKTeX\tex/latex/listings\lstlang1.sty
File: lstlang1.sty 2023/02/27 1.9 listings language file
)
(C:\Program Files\MiKTeX\tex/latex/listings\lstlang2.sty
File: lstlang2.sty 2023/02/27 1.9 listings language file
)
(C:\Program Files\MiKTeX\tex/latex/listings\lstlang3.sty
File: lstlang3.sty 2023/02/27 1.9 listings language file
)
(C:\Program Files\MiKTeX\tex/latex/listings\lstlang1.sty
File: lstlang1.sty 2023/02/27 1.9 listings language file
)
(C:\Program Files\MiKTeX\tex/latex/listings\lstlang2.sty
File: lstlang2.sty 2023/02/27 1.9 listings language file
)
(C:\Program Files\MiKTeX\tex/latex/listings\lstlang3.sty
File: lstlang3.sty 2023/02/27 1.9 listings language file
)
(C:\Program Files\MiKTeX\tex/latex/listings\lstmisc.sty
File: lstmisc.sty 2023/02/27 1.9 (Carsten Heinz)
)
Package hyperref Info: bookmark level for unknown lstlisting defaults to 0 on i
nput line 6.
 (src/Кодlogin.tex)
[85

] (src/КодDoctors.tex) [86] (src/КодPatient.tex) [87] (src/КодFormulario.tex [8
8]) [89]) [90] (main.aux)
Package rerunfilecheck Info: File `main.out' has not changed.
(rerunfilecheck)             Checksum: 4D02E76A6A35FD50D67F2A0B0A1E9D6D;15698.
 ) 
Here is how much of TeX's memory you used:
 20165 strings out of 411497
 374189 string characters out of 5822622
 2056624 words of memory out of 5000000
 40031 multiletter control sequences out of 15000+600000
 513776 words of font info for 63 fonts, out of 8000000 for 9000
 1348 hyphenation exceptions out of 8191
 77i,16n,127p,968b,2281s stack positions out of 10000i,1000n,20000p,200000b,200000s

Output written on main.pdf (90 pages).
